<?xml version="1.0" encoding="UTF-8"?>
<testsuite xmlns:xsi="http://www.w3.org/2001/XMLSchema-instance" xsi:noNamespaceSchemaLocation="https://maven.apache.org/surefire/maven-surefire-plugin/xsd/surefire-test-report.xsd" version="3.0.2" name="AdventureTest" time="0.148" tests="10" errors="0" skipped="0" failures="0">
  <properties>
[...]
</properties>
  <testcase name="testRemoveFromEmptyInventory" classname="AdventureTest" time="0.016">
    <system-out><![CDATA[Item not found in inventory.
]]></system-out>
  </testcase>
  <testcase name="testAddItem" classname="AdventureTest" time="0.01">
    <system-out><![CDATA[&amp#27;[1;33mYou have picked up: &amp#27;[0m&amp#27;[3;90mMysterious Stone&amp#27;[0m
]]></system-out>
  </testcase>
  <testcase name="testShowInventory" classname="AdventureTest" time="0.0">
    <system-out><![CDATA[&amp#27;[1;33mYou have picked up: &amp#27;[0m&amp#27;[3;90mHealing Potion&amp#27;[0m
]]></system-out>
  </testcase>
  <testcase name="testClearInventory" classname="AdventureTest" time="0.005">
    <system-out><![CDATA[&amp#27;[1;33mYou have picked up: &amp#27;[0m&amp#27;[3;90mMysterious Stone&amp#27;[0m
Your inventory has been cleared.
]]></system-out>
  </testcase>
  <testcase name="testMultipleAddRemove" classname="AdventureTest" time="0.004">
    <system-out><![CDATA[&amp#27;[1;33mYou have picked up: &amp#27;[0m&amp#27;[3;90mItem1&amp#27;[0m
&amp#27;[1;33mYou have picked up: &amp#27;[0m&amp#27;[3;90mItem2&amp#27;[0m
&amp#27;[3;90mThat item does not exist. Please try again.&amp#27;[0m
]]></system-out>
  </testcase>
  <testcase name="testAddSpecialCharacterItem" classname="AdventureTest" time="0.0">
    <system-out><![CDATA[&amp#27;[1;33mYou have picked up: &amp#27;[0m&amp#27;[3;90mSpecial@Item!&amp#27;[0m
]]></system-out>
  </testcase>
  <testcase name="testRemoveItem" classname="AdventureTest" time="0.0">
    <system-out><![CDATA[&amp#27;[1;33mYou have picked up: &amp#27;[0m&amp#27;[3;90mHealing Potion&amp#27;[0m
&amp#27;[3;90mThat item does not exist. Please try again.&amp#27;[0m
]]></system-out>
  </testcase>
  <testcase name="testRemoveNonExistentItem" classname="AdventureTest" time="0.008">
    <system-out><![CDATA[&amp#27;[1;33mYou have picked up: &amp#27;[0m&amp#27;[3;90mShield&amp#27;[0m
Item not found in inventory.
]]></system-out>
  </testcase>
  <testcase name="testAddEmptyStringItem" classname="AdventureTest" time="0.0">
    <system-out><![CDATA[&amp#27;[1;33mYou have picked up: &amp#27;[0m&amp#27;[3;90m&amp#27;[0m
]]></system-out>
  </testcase>
  <testcase name="testAddDuplicateItem" classname="AdventureTest" time="0.007">
    <system-out><![CDATA[&amp#27;[1;33mYou have picked up: &amp#27;[0m&amp#27;[3;90mMysterious Stone&amp#27;[0m
&amp#27;[1;33mYou have picked up: &amp#27;[0m&amp#27;[3;90mMysterious Stone&amp#27;[0m
]]></system-out>
  </testcase>
</testsuite>